<?xml version="1.0" encoding="UTF-8"?>
<coverage generated="1659133955304" clover="3.2.0">
  <project timestamp="1659133955304" name="All files">
    <metrics statements="15" coveredstatements="15" conditionals="10" coveredconditionals="7" methods="6" coveredmethods="6" elements="31" coveredelements="28" complexity="0" loc="15" ncloc="15" packages="3" files="4" classes="4"/>
    <package name="constants">
      <metrics statements="1" coveredstatements="1" conditionals="0" coveredconditionals="0" methods="0" coveredmethods="0"/>
      <file name="AuthorType.js" path="/Users/frivolta/Desktop/Sites/Apps/wonderflow/src/constants/AuthorType.js">
        <metrics statements="1" coveredstatements="1" conditionals="0" coveredconditionals="0" methods="0" coveredmethods="0"/>
        <line num="1" count="5" type="stmt"/>
      </file>
    </package>
    <package name="helpers">
      <metrics statements="8" coveredstatements="8" conditionals="0" coveredconditionals="0" methods="0" coveredmethods="0"/>
      <file name="inputs.js" path="/Users/frivolta/Desktop/Sites/Apps/wonderflow/src/helpers/inputs.js">
        <metrics statements="5" coveredstatements="5" conditionals="0" coveredconditionals="0" methods="0" coveredmethods="0"/>
        <line num="1" count="5" type="stmt"/>
        <line num="2" count="5" type="stmt"/>
        <line num="3" count="5" type="stmt"/>
        <line num="7" count="5" type="stmt"/>
        <line num="8" count="5" type="stmt"/>
      </file>
      <file name="regEx.js" path="/Users/frivolta/Desktop/Sites/Apps/wonderflow/src/helpers/regEx.js">
        <metrics statements="3" coveredstatements="3" conditionals="0" coveredconditionals="0" methods="0" coveredmethods="0"/>
        <line num="2" count="5" type="stmt"/>
        <line num="3" count="5" type="stmt"/>
        <line num="4" count="5" type="stmt"/>
      </file>
    </package>
    <package name="utils">
      <metrics statements="6" coveredstatements="6" conditionals="10" coveredconditionals="7" methods="6" coveredmethods="6"/>
      <file name="index.js" path="/Users/frivolta/Desktop/Sites/Apps/wonderflow/src/utils/index.js">
        <metrics statements="6" coveredstatements="6" conditionals="10" coveredconditionals="7" methods="6" coveredmethods="6"/>
        <line num="12" count="51" type="cond" truecount="1" falsecount="1"/>
        <line num="13" count="52" type="cond" truecount="1" falsecount="1"/>
        <line num="14" count="26" type="cond" truecount="1" falsecount="1"/>
        <line num="15" count="26" type="stmt"/>
        <line num="23" count="25" type="stmt"/>
        <line num="30" count="9" type="stmt"/>
      </file>
    </package>
  </project>
</coverage>
