{"/Users/frivolta/Desktop/Sites/Apps/wonderflow/src/constants/AuthorType.js": {"path":"/Users/frivolta/Desktop/Sites/Apps/wonderflow/src/constants/AuthorType.js","statementMap":{"0":{"start":{"line":1,"column":26},"end":{"line":4,"column":1}}},"fnMap":{},"branchMap":{},"s":{"0":5},"f":{},"b":{},"_coverageSchema":"1a1c01bbd47fc00a2c39e90264f33305004495a9","hash":"946064e2a4fe200676be37eb7b5b5cefed8e0da9"}
,"/Users/frivolta/Desktop/Sites/Apps/wonderflow/src/helpers/inputs.js": {"path":"/Users/frivolta/Desktop/Sites/Apps/wonderflow/src/helpers/inputs.js","statementMap":{"0":{"start":{"line":1,"column":35},"end":{"line":1,"column":115}},"1":{"start":{"line":2,"column":32},"end":{"line":2,"column":172}},"2":{"start":{"line":3,"column":39},"end":{"line":6,"column":92}},"3":{"start":{"line":7,"column":32},"end":{"line":7,"column":173}},"4":{"start":{"line":8,"column":24},"end":{"line":8,"column":177}}},"fnMap":{},"branchMap":{},"s":{"0":5,"1":5,"2":5,"3":5,"4":5},"f":{},"b":{},"_coverageSchema":"1a1c01bbd47fc00a2c39e90264f33305004495a9","hash":"a4056dc63cb1e9a6a150700cc267e4a1d1c8dff2"}
,"/Users/frivolta/Desktop/Sites/Apps/wonderflow/src/helpers/regEx.js": {"path":"/Users/frivolta/Desktop/Sites/Apps/wonderflow/src/helpers/regEx.js","statementMap":{"0":{"start":{"line":2,"column":36},"end":{"line":2,"column":68}},"1":{"start":{"line":3,"column":38},"end":{"line":3,"column":114}},"2":{"start":{"line":4,"column":41},"end":{"line":4,"column":102}}},"fnMap":{},"branchMap":{},"s":{"0":5,"1":5,"2":5},"f":{},"b":{},"_coverageSchema":"1a1c01bbd47fc00a2c39e90264f33305004495a9","hash":"4be052d9d212958c6aa730557643f31b6ccd65c3"}
,"/Users/frivolta/Desktop/Sites/Apps/wonderflow/src/utils/index.js": {"path":"/Users/frivolta/Desktop/Sites/Apps/wonderflow/src/utils/index.js","statementMap":{"0":{"start":{"line":12,"column":35},"end":{"line":12,"column":115}},"1":{"start":{"line":12,"column":49},"end":{"line":12,"column":115}},"2":{"start":{"line":13,"column":38},"end":{"line":13,"column":121}},"3":{"start":{"line":13,"column":52},"end":{"line":13,"column":121}},"4":{"start":{"line":14,"column":39},"end":{"line":14,"column":128}},"5":{"start":{"line":14,"column":53},"end":{"line":14,"column":128}},"6":{"start":{"line":15,"column":35},"end":{"line":15,"column":102}},"7":{"start":{"line":15,"column":49},"end":{"line":15,"column":102}},"8":{"start":{"line":23,"column":29},"end":{"line":28,"column":2}},"9":{"start":{"line":23,"column":50},"end":{"line":28,"column":1}},"10":{"start":{"line":30,"column":30},"end":{"line":30,"column":106}},"11":{"start":{"line":30,"column":45},"end":{"line":30,"column":106}}},"fnMap":{"0":{"name":"(anonymous_0)","decl":{"start":{"line":12,"column":35},"end":{"line":12,"column":36}},"loc":{"start":{"line":12,"column":49},"end":{"line":12,"column":115}},"line":12},"1":{"name":"(anonymous_1)","decl":{"start":{"line":13,"column":38},"end":{"line":13,"column":39}},"loc":{"start":{"line":13,"column":52},"end":{"line":13,"column":121}},"line":13},"2":{"name":"(anonymous_2)","decl":{"start":{"line":14,"column":39},"end":{"line":14,"column":40}},"loc":{"start":{"line":14,"column":53},"end":{"line":14,"column":128}},"line":14},"3":{"name":"(anonymous_3)","decl":{"start":{"line":15,"column":35},"end":{"line":15,"column":36}},"loc":{"start":{"line":15,"column":49},"end":{"line":15,"column":102}},"line":15},"4":{"name":"(anonymous_4)","decl":{"start":{"line":23,"column":29},"end":{"line":23,"column":30}},"loc":{"start":{"line":23,"column":50},"end":{"line":28,"column":1}},"line":23},"5":{"name":"(anonymous_5)","decl":{"start":{"line":30,"column":30},"end":{"line":30,"column":31}},"loc":{"start":{"line":30,"column":45},"end":{"line":30,"column":106}},"line":30}},"branchMap":{"0":{"loc":{"start":{"line":12,"column":49},"end":{"line":12,"column":115}},"type":"binary-expr","locations":[{"start":{"line":12,"column":49},"end":{"line":12,"column":101}},{"start":{"line":12,"column":105},"end":{"line":12,"column":115}}],"line":12},"1":{"loc":{"start":{"line":13,"column":52},"end":{"line":13,"column":121}},"type":"binary-expr","locations":[{"start":{"line":13,"column":52},"end":{"line":13,"column":107}},{"start":{"line":13,"column":111},"end":{"line":13,"column":121}}],"line":13},"2":{"loc":{"start":{"line":14,"column":53},"end":{"line":14,"column":128}},"type":"binary-expr","locations":[{"start":{"line":14,"column":53},"end":{"line":14,"column":108}},{"start":{"line":14,"column":112},"end":{"line":14,"column":128}}],"line":14},"3":{"loc":{"start":{"line":27,"column":10},"end":{"line":27,"column":103}},"type":"binary-expr","locations":[{"start":{"line":27,"column":10},"end":{"line":27,"column":39}},{"start":{"line":27,"column":44},"end":{"line":27,"column":102}}],"line":27},"4":{"loc":{"start":{"line":27,"column":44},"end":{"line":27,"column":102}},"type":"cond-expr","locations":[{"start":{"line":27,"column":62},"end":{"line":27,"column":82}},{"start":{"line":27,"column":85},"end":{"line":27,"column":102}}],"line":27}},"s":{"0":5,"1":51,"2":5,"3":52,"4":5,"5":26,"6":5,"7":26,"8":5,"9":25,"10":5,"11":9},"f":{"0":51,"1":52,"2":26,"3":26,"4":25,"5":9},"b":{"0":[51,0],"1":[52,0],"2":[26,0],"3":[25,2],"4":[1,1]},"_coverageSchema":"1a1c01bbd47fc00a2c39e90264f33305004495a9","hash":"79e2f306264c3ce3ca4e5d88c169303c8739ba23"}
}
