TN:
SF:src/constants/AuthorType.js
FNF:0
FNH:0
DA:1,5
LF:1
LH:1
BRF:0
BRH:0
end_of_record
TN:
SF:src/helpers/inputs.js
FNF:0
FNH:0
DA:1,5
DA:2,5
DA:3,5
DA:7,5
DA:8,5
LF:5
LH:5
BRF:0
BRH:0
end_of_record
TN:
SF:src/helpers/regEx.js
FNF:0
FNH:0
DA:2,5
DA:3,5
DA:4,5
LF:3
LH:3
BRF:0
BRH:0
end_of_record
TN:
SF:src/utils/index.js
FN:12,(anonymous_0)
FN:13,(anonymous_1)
FN:14,(anonymous_2)
FN:15,(anonymous_3)
FN:23,(anonymous_4)
FN:30,(anonymous_5)
FNF:6
FNH:6
FNDA:51,(anonymous_0)
FNDA:52,(anonymous_1)
FNDA:26,(anonymous_2)
FNDA:26,(anonymous_3)
FNDA:25,(anonymous_4)
FNDA:9,(anonymous_5)
DA:12,51
DA:13,52
DA:14,26
DA:15,26
DA:23,25
DA:30,9
LF:6
LH:6
BRDA:12,0,0,51
BRDA:12,0,1,0
BRDA:13,1,0,52
BRDA:13,1,1,0
BRDA:14,2,0,26
BRDA:14,2,1,0
BRDA:27,3,0,25
BRDA:27,3,1,2
BRDA:27,4,0,1
BRDA:27,4,1,1
BRF:10
BRH:7
end_of_record
